<?xml version="1.0" encoding="UTF-8"?>
<!-- Generated by org.testng.reporters.JUnitXMLReporter -->
<testsuite hostname="IND-TJaiswal" name="Test" tests="1" failures="1" timestamp="1 Aug 2017 07:00:21 GMT" time="10.332" errors="0">
  <testcase name="verifyDropDownDataSetOutput" time="2.869" classname="com.Medinfi.commons.tests.DropDownDataSetTest">
    <failure type="java.lang.NullPointerException">
      <![CDATA[java.lang.NullPointerException
	at java.util.Properties$LineReader.readLine(Unknown Source)
	at java.util.Properties.load0(Unknown Source)
	at java.util.Properties.load(Unknown Source)
	at com.Medinfi.common.pageobjects.BasePageDoctorSearch.getProp(BasePageDoctorSearch.java:69)
	at com.Medinfi.common.pageobjects.BasePageDoctorSearch.dropDownDataSet(BasePageDoctorSearch.java:80)
	at com.Medinfi.commons.tests.DropDownDataSetTest.verifyDropDownDataSetOutput(DropDownDataSetTest.java:45)
... Removed 24 stack frames]]>
    </failure>
  </testcase> <!-- verifyDropDownDataSetOutput -->
</testsuite> <!-- Test -->
