<?xml version="1.0" encoding="UTF-8"?>
<testng-results skipped="0" failed="0" total="1" passed="1">
  <reporter-output>
  </reporter-output>
  <suite name="Default suite" duration-ms="23077" started-at="2017-08-01T07:40:39Z" finished-at="2017-08-01T07:41:03Z">
    <groups>
    </groups>
    <test name="Default test" duration-ms="23077" started-at="2017-08-01T07:40:39Z" finished-at="2017-08-01T07:41:03Z">
      <class name="com.Medinfi.commons.tests.DropDownDataSetTest">
        <test-method status="PASS" signature="setUp()[pri:0, instance:com.Medinfi.commons.tests.DropDownDataSetTest@5622fdf]" name="setUp" is-config="true" duration-ms="6603" started-at="2017-08-01T13:10:40Z" finished-at="2017-08-01T13:10:46Z">
          <reporter-output>
          </reporter-output>
        </test-method> <!-- setUp -->
        <test-method status="PASS" signature="verifyDropDownDataSetOutput()[pri:0, instance:com.Medinfi.commons.tests.DropDownDataSetTest@5622fdf]" name="verifyDropDownDataSetOutput" duration-ms="16440" started-at="2017-08-01T13:10:46Z" finished-at="2017-08-01T13:11:03Z">
          <reporter-output>
          </reporter-output>
        </test-method> <!-- verifyDropDownDataSetOutput -->
        <test-method status="PASS" signature="tearDown()[pri:0, instance:com.Medinfi.commons.tests.DropDownDataSetTest@5622fdf]" name="tearDown" is-config="true" duration-ms="23" started-at="2017-08-01T13:11:03Z" finished-at="2017-08-01T13:11:03Z">
          <reporter-output>
          </reporter-output>
        </test-method> <!-- tearDown -->
      </class> <!-- com.Medinfi.commons.tests.DropDownDataSetTest -->
    </test> <!-- Default test -->
  </suite> <!-- Default suite -->
</testng-results>
